make all --print-data-base --no-builtin-variables --no-builtin-rules --question
# GNU Make 3.81
# Copyright (C) 2006  Free Software Foundation, Inc.
# This is free software; see the source for copying conditions.
# There is NO warranty; not even for MERCHANTABILITY or FITNESS FOR A
# PARTICULAR PURPOSE.

# This program built for i386-apple-darwin11.3.0
 
make: *** No rule to make target `all'.  Stop.


# Make data base, printed on Thu Aug 18 18:56:58 2022

# Variables

# environment
JENV_SHELL = zsh
# automatic
?F = $(notdir $?)
# automatic
<D = $(patsubst %/,%,$(dir $<))
# environment
DEVSPACE = /Users/uwussimo/Developer
# automatic
?D = $(patsubst %/,%,$(dir $?))
# automatic
@D = $(patsubst %/,%,$(dir $@))
# automatic
@F = $(notdir $@)
# makefile
CURDIR := /Users/uwussimo/Developer/rustina
# makefile
SHELL = /bin/sh
# environment
VSCODE_NLS_CONFIG = {"locale":"en-us","availableLanguages":{},"_languagePackSupport":true}
# environment
_ = /usr/bin/make
# environment
STARSHIP_SESSION_KEY = 5313104722074417
# environment
FRUM_LOGLEVEL = info
# environment
__CFBundleIdentifier = com.microsoft.VSCode
# environment
INFOPATH = /opt/homebrew/share/info:/opt/homebrew/share/info:
# environment
VSCODE_CWD = /
# environment
PATH = /Users/uwussimo/.bun/bin:/Users/uwussimo/.jenv/shims:/var/folders/cd/34fsn55n1njfndyxtq3_r1bc0000gn/T/frum_48094_1660831014456/bin:/Users/uwussimo/.rbenv/bin:/Users/uwussimo/.volta/bin:/Users/uwussimo/.deno/bin:/Users/uwussimo/.jenv/bin:/opt/homebrew/opt/ruby/bin:/opt/homebrew/opt/python/libexec/bin:/opt/homebrew/bin:/opt/homebrew/sbin:/usr/local/bin:/usr/bin:/bin:/usr/sbin:/sbin:/Applications/Little Snitch.app/Contents/Components:/Library/Apple/usr/bin:/Users/uwussimo/.bun/bin:/Users/uwussimo/.jenv/shims:/var/folders/cd/34fsn55n1njfndyxtq3_r1bc0000gn/T/frum_39949_1660825608480/bin:/Users/uwussimo/.rbenv/bin:/Users/uwussimo/.volta/bin:/Users/uwussimo/.deno/bin:/Users/uwussimo/.jenv/bin:/opt/homebrew/opt/ruby/bin:/opt/homebrew/opt/python/libexec/bin:/opt/homebrew/bin:/opt/homebrew/sbin:/Users/uwussimo/.cargo/bin:/Users/uwussimo/Library/Application Support/JetBrains/Toolbox/scripts:/Users/uwussimo/.yarn/bin:/Users/uwussimo/Library/Application Support/JetBrains/Toolbox/scripts
# environment
PAT = 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
# environment
JENV_FORCEJAVAHOME = true
# environment
LSCOLORS = Gxfxcxdxbxegedabagacad
# makefile (from `Makefile', line 1)
MAKEFILE_LIST :=  Makefile
# environment
GOPATH = /Users/uwussimo/.go
# environment
FRUM_MULTISHELL_PATH = /var/folders/cd/34fsn55n1njfndyxtq3_r1bc0000gn/T/frum_48094_1660831014456
# environment
ELECTRON_RUN_AS_NODE = 1
# default
.FEATURES := target-specific order-only second-expansion else-if archives jobserver check-symlink
# environment
SSH_AUTH_SOCK = /private/tmp/com.apple.launchd.GBZBcn7uXL/Listeners
# automatic
%F = $(notdir $%)
# environment
PWD = /Users/uwussimo/Developer/rustina
# environment
HOMEBREW_CELLAR = /opt/homebrew/Cellar
# environment
ORIGINAL_XDG_CURRENT_DESKTOP = undefined
# environment
MANPATH = /opt/homebrew/share/man:/usr/share/man:/usr/local/share/man:/opt/homebrew/share/man:
# environment
VSCODE_AMD_ENTRYPOINT = vs/workbench/api/node/extensionHostProcess
# environment
HOME = /Users/uwussimo
# default
MAKEFILEPATH = $(shell /usr/bin/xcode-select -print-path 2>/dev/null || echo /Developer)/Makefiles
# environment
VSCODE_CODE_CACHE_PATH = /Users/uwussimo/Library/Application Support/Code/CachedData/6d9b74a70ca9c7733b29f0456fd8195364076dda
# environment
LOGNAME = uwussimo
# environment
APPLICATION_INSIGHTS_NO_DIAGNOSTIC_CHANNEL = 1
# environment
ZSH = /Users/uwussimo/.oh-my-zsh
# environment
VSCODE_HANDLES_UNCAUGHT_ERRORS = true
# automatic
^D = $(patsubst %/,%,$(dir $^))
# environment
XPC_FLAGS = 0x0
# default
MAKE = $(MAKE_COMMAND)
# default
MAKECMDGOALS := all
# environment
SHLVL = 1
# environment
VOLTA_HOME = /Users/uwussimo/.volta
# environment
LOCAL_GIT_DIRECTORY = /Applications/GitHub Desktop.app/Contents/Resources/app/git
# environment
JAVA_HOME = /Users/uwussimo/.jenv/versions/system
# default
MAKE_VERSION := 3.81
# environment
USER = uwussimo
# makefile
.DEFAULT_GOAL := start
# environment
JENV_LOADED = 1
# environment
LESS = -R
# automatic
%D = $(patsubst %/,%,$(dir $%))
# default
MAKE_COMMAND := /Library/Developer/CommandLineTools/usr/bin/make
# environment
FRUM_DIR = /Users/uwussimo/.frum
# default
.VARIABLES := 
# environment
TMPDIR = /var/folders/cd/34fsn55n1njfndyxtq3_r1bc0000gn/T/
# automatic
*F = $(notdir $*)
# environment
VSCODE_IPC_HOOK = /Users/uwussimo/Library/Application Support/Code/1.70.1-main.sock
# environment
MallocNanoZone = 0
# environment
BUN_INSTALL = /Users/uwussimo/.bun
# makefile
MAKEFLAGS = Rrqp
# environment
FRUM_RUBY_BUILD_MIRROR = https://cache.ruby-lang.org/pub/ruby
# environment
MFLAGS = -Rrqp
# automatic
*D = $(patsubst %/,%,$(dir $*))
# environment
XPC_SERVICE_NAME = application.com.microsoft.VSCode.57849219.57849225
# environment
HOMEBREW_PREFIX = /opt/homebrew
# automatic
+D = $(patsubst %/,%,$(dir $+))
# automatic
+F = $(notdir $+)
# environment
HOMEBREW_REPOSITORY = /opt/homebrew
# environment
__CF_USER_TEXT_ENCODING = 0x1F5:0x0:0x0
# environment
COMMAND_MODE = unix2003
# default
MAKEFILES := 
# automatic
<F = $(notdir $<)
# environment
PAGER = less
# environment
LC_ALL = C
# automatic
^F = $(notdir $^)
# default
SUFFIXES := 
# environment
MAKELEVEL := 0
# environment
LANG = C
# environment
VSCODE_PID = 48039
# environment
STARSHIP_SHELL = zsh
# variable set hash-table stats:
# Load=82/1024=8%, Rehash=0, Collisions=5/105=5%

# Pattern-specific Variable Values

# No pattern-specific variable values.

# Directories

# . (device 16777229, inode 56751193): 22 files, no impossibilities.

# 22 files, no impossibilities in 1 directories.

# Implicit Rules

# No implicit rules.

# Files

# Not a target:
all:
#  Command-line target.
#  Implicit rule search has been done.
#  File does not exist.
#  File has not been updated.
# variable set hash-table stats:
# Load=0/32=0%, Rehash=0, Collisions=0/0=0%

# Not a target:
.SUFFIXES:
#  Implicit rule search has not been done.
#  Modification time never checked.
#  File has not been updated.

# Not a target:
Makefile:
#  Implicit rule search has been done.
#  Last modified 2022-06-03 11:01:19
#  File has been updated.
#  Successfully updated.
# variable set hash-table stats:
# Load=0/32=0%, Rehash=0, Collisions=0/0=0%

start:
#  Implicit rule search has not been done.
#  Modification time never checked.
#  File has not been updated.
#  commands to execute (from `Makefile', line 2):
	deno run --allow-all mod.ts
	

dev:
#  Implicit rule search has not been done.
#  Modification time never checked.
#  File has not been updated.
#  commands to execute (from `Makefile', line 5):
	deno run --watch --allow-all mod.ts
	

# Not a target:
.DEFAULT:
#  Implicit rule search has not been done.
#  Modification time never checked.
#  File has not been updated.

fmt:
#  Implicit rule search has not been done.
#  Modification time never checked.
#  File has not been updated.
#  commands to execute (from `Makefile', line 8):
	deno fmt
	

lint:
#  Implicit rule search has not been done.
#  Modification time never checked.
#  File has not been updated.
#  commands to execute (from `Makefile', line 11):
	deno lint
	

# files hash-table stats:
# Load=8/1024=1%, Rehash=0, Collisions=0/20=0%
# VPATH Search Paths

# No `vpath' search paths.

# No general (`VPATH' variable) search path.

# # of strings in strcache: 1
# # of strcache buffers: 1
# strcache size: total = 4096 / max = 4096 / min = 4096 / avg = 4096
# strcache free: total = 4087 / max = 4087 / min = 4087 / avg = 4087

# Finished Make data base on Thu Aug 18 18:56:58 2022

 
